,number,value,datetime_start,datetime_complete,duration,params_l2_leaf_reg,params_learning_rate,params_tree_depth,state
567,567,0.7342673992673994,2023-11-17 05:36:28.822161,2023-11-17 05:39:05.858805,0 days 00:02:37.036644,5.912647673266806,0.050751750403484786,10,COMPLETE
568,568,0.6942673992673993,2023-11-17 05:39:05.868026,2023-11-17 05:41:11.012660,0 days 00:02:05.144634,1.0131253672326856,0.08715141584574497,10,COMPLETE
569,569,0.6942673992673993,2023-11-17 05:41:11.021700,2023-11-17 05:43:43.083409,0 days 00:02:32.061709,8.041280230020412,0.07048788234092467,10,COMPLETE
570,570,0.7067673992673993,2023-11-17 05:43:43.100724,2023-11-17 05:46:26.001704,0 days 00:02:42.900980,22.17668250098119,0.07719570492253477,10,COMPLETE
571,571,0.7342673992673994,2023-11-17 05:46:26.010995,2023-11-17 05:48:44.144691,0 days 00:02:18.133696,5.245168671995659,0.07947916722125502,10,COMPLETE
572,572,0.7067673992673993,2023-11-17 05:48:44.156626,2023-11-17 05:51:27.008671,0 days 00:02:42.852045,17.585882266376817,0.06713547910201048,10,COMPLETE
573,573,0.6942673992673993,2023-11-17 05:51:27.016776,2023-11-17 05:53:37.745412,0 days 00:02:10.728636,4.103432526868629,0.09956576825159985,10,COMPLETE
574,574,0.7467673992673993,2023-11-17 05:53:37.753208,2023-11-17 05:56:07.011973,0 days 00:02:29.258765,6.7667465421361515,0.07524057299404227,10,COMPLETE
575,575,0.7067673992673993,2023-11-17 05:56:07.020058,2023-11-17 05:58:44.489266,0 days 00:02:37.469208,9.873503848717597,0.08106169209687712,10,COMPLETE
576,576,0.7467673992673993,2023-11-17 05:58:44.496559,2023-11-17 06:01:11.318817,0 days 00:02:26.822258,7.417838001339578,0.08992940843711483,10,COMPLETE
577,577,0.7067673992673993,2023-11-17 06:01:11.324854,2023-11-17 06:02:23.857579,0 days 00:01:12.532725,5.6324120187522855,0.08386072023713464,6,COMPLETE
578,578,0.7067673992673993,2023-11-17 06:02:23.863819,2023-11-17 06:04:37.312367,0 days 00:02:13.448548,4.589330223391823,0.09177210448498481,10,COMPLETE
579,579,0.7342673992673994,2023-11-17 06:04:37.318555,2023-11-17 06:06:57.580745,0 days 00:02:20.262190,6.553697315930972,0.09653198348305436,10,COMPLETE
580,580,0.7067673992673993,2023-11-17 06:06:57.590017,2023-11-17 06:09:00.725110,0 days 00:02:03.135093,9.449019500490428,0.0779757584674125,9,COMPLETE
581,581,0.7067673992673993,2023-11-17 06:09:00.735157,2023-11-17 06:11:39.425530,0 days 00:02:38.690373,8.507900095491937,0.06518401515642086,10,COMPLETE
582,582,0.6942673992673993,2023-11-17 06:11:39.434281,2023-11-17 06:13:54.185472,0 days 00:02:14.751191,2.016953918278059,0.05374061458555071,10,COMPLETE
583,583,0.7467673992673993,2023-11-17 06:13:54.190046,2023-11-17 06:16:37.897297,0 days 00:02:43.707251,6.127899040835398,0.03232273993804882,10,COMPLETE
584,584,0.7467673992673993,2023-11-17 06:16:37.908373,2023-11-17 06:19:00.045816,0 days 00:02:22.137443,5.0667200381914,0.0753814142983829,10,COMPLETE
585,585,0.7342673992673994,2023-11-17 06:19:00.056342,2023-11-17 06:21:45.080596,0 days 00:02:45.024254,7.073020670526924,0.024523852615165556,10,COMPLETE
586,586,0.7342673992673994,2023-11-17 06:21:45.088251,2023-11-17 06:24:19.170273,0 days 00:02:34.082022,7.717758357102548,0.07283416236204454,10,COMPLETE
587,587,0.6942673992673993,2023-11-17 06:24:19.180834,2023-11-17 06:26:34.949761,0 days 00:02:15.768927,3.01055304635138,0.05225362888915939,10,COMPLETE
588,588,0.7067673992673993,2023-11-17 06:26:34.960717,2023-11-17 06:29:19.613563,0 days 00:02:44.652846,18.881165307893767,0.08124199394643454,10,COMPLETE
589,589,0.7067673992673993,2023-11-17 06:29:19.622427,2023-11-17 06:32:04.300659,0 days 00:02:44.678232,16.96844996714959,0.08572951268834278,10,COMPLETE
590,590,0.7342673992673994,2023-11-17 06:32:04.309921,2023-11-17 06:34:26.338631,0 days 00:02:22.028710,5.766398046123594,0.07901237199989203,10,COMPLETE
591,591,0.7342673992673994,2023-11-17 06:34:26.348698,2023-11-17 06:36:52.927753,0 days 00:02:26.579055,6.524343791720117,0.08724079260808366,10,COMPLETE
592,592,0.7067673992673993,2023-11-17 06:36:52.940379,2023-11-17 06:39:37.717907,0 days 00:02:44.777528,11.87490863146887,0.0693773402294138,10,COMPLETE
593,593,0.7067673992673993,2023-11-17 06:39:37.728953,2023-11-17 06:42:21.762389,0 days 00:02:44.033436,22.892432497924684,0.021769061567604303,10,COMPLETE
594,594,0.6942673992673993,2023-11-17 06:42:21.770927,2023-11-17 06:44:36.225985,0 days 00:02:14.455058,3.7698870653197876,0.07696149405082457,10,COMPLETE
595,595,0.7067673992673993,2023-11-17 06:44:36.239309,2023-11-17 06:47:23.154309,0 days 00:02:46.915000,28.562401518149272,0.036579269589022315,10,COMPLETE
596,596,0.6942673992673993,2023-11-17 06:47:23.165389,2023-11-17 06:49:48.799297,0 days 00:02:25.633908,4.528889096718759,0.08297594254161925,10,COMPLETE
597,597,0.7467673992673993,2023-11-17 06:49:48.807503,2023-11-17 06:52:33.240302,0 days 00:02:44.432799,5.308462145951152,0.022680508683070262,10,COMPLETE
598,598,0.6942673992673993,2023-11-17 06:52:33.248856,2023-11-17 06:54:30.883005,0 days 00:01:57.634149,7.2922118333764505,0.08865856645749945,9,COMPLETE
599,599,0.7342673992673994,2023-11-17 06:54:30.891263,2023-11-17 06:57:08.456183,0 days 00:02:37.564920,5.942438177281581,0.04854952556526056,10,COMPLETE
600,600,0.7342673992673994,2023-11-17 06:57:08.467359,2023-11-17 06:59:53.693067,0 days 00:02:45.225708,6.875077854026024,0.029898509988645114,10,COMPLETE
601,601,0.7067673992673993,2023-11-17 06:59:53.704858,2023-11-17 07:02:24.650260,0 days 00:02:30.945402,7.7637664064490055,0.0798441711795029,10,COMPLETE
602,602,0.7067673992673993,2023-11-17 07:02:24.660426,2023-11-17 07:05:11.073743,0 days 00:02:46.413317,22.900697027392113,0.07521084299140206,10,COMPLETE
603,603,0.7067673992673993,2023-11-17 07:05:11.085476,2023-11-17 07:07:47.056914,0 days 00:02:35.971438,10.786633631823442,0.08462752137554616,10,COMPLETE
604,604,0.7067673992673993,2023-11-17 07:07:47.066195,2023-11-17 07:10:23.653313,0 days 00:02:36.587118,11.320929718741569,0.09328002369532498,10,COMPLETE
605,605,0.6942673992673993,2023-11-17 07:10:23.660948,2023-11-17 07:12:54.064440,0 days 00:02:30.403492,8.711754203497993,0.08156796968970302,10,COMPLETE
606,606,0.7342673992673994,2023-11-17 07:12:54.078628,2023-11-17 07:15:34.727199,0 days 00:02:40.648571,5.250042392414926,0.040322621231772625,10,COMPLETE
