,number,value,datetime_start,datetime_complete,duration,params_l2_leaf_reg,params_learning_rate,params_tree_depth,state
142,142,0.7467673992673993,2023-11-16 12:20:53.611597,2023-11-16 12:23:19.869624,0 days 00:02:26.258027,5.734812683968016,0.08174694341216611,10,COMPLETE
143,143,0.7342673992673994,2023-11-16 12:23:19.875997,2023-11-16 12:25:44.760423,0 days 00:02:24.884426,6.130017712496745,0.09210465601598357,10,COMPLETE
144,144,0.7467673992673993,2023-11-16 12:25:44.766315,2023-11-16 12:28:13.966008,0 days 00:02:29.199693,7.252661133264434,0.08524999229198837,10,COMPLETE
145,145,0.6942673992673993,2023-11-16 12:28:13.971792,2023-11-16 12:30:48.566567,0 days 00:02:34.594775,8.681713088971614,0.0789718222988033,10,COMPLETE
146,146,0.6942673992673993,2023-11-16 12:30:48.574693,2023-11-16 12:33:09.752221,0 days 00:02:21.177528,4.474740239868126,0.07414887002087042,10,COMPLETE
147,147,0.7342673992673994,2023-11-16 12:33:09.759502,2023-11-16 12:35:39.871641,0 days 00:02:30.112139,6.7316429089407235,0.08203021613425009,10,COMPLETE
148,148,0.7467673992673993,2023-11-16 12:35:39.876603,2023-11-16 12:38:01.036760,0 days 00:02:21.160157,5.169316305649434,0.08673003397828269,10,COMPLETE
149,149,0.6942673992673993,2023-11-16 12:38:01.042100,2023-11-16 12:40:36.243229,0 days 00:02:35.201129,8.039875688491394,0.07674588238849345,10,COMPLETE
150,150,0.7342673992673994,2023-11-16 12:40:36.249474,2023-11-16 12:42:59.248819,0 days 00:02:22.999345,6.071536410235034,0.08425131535370227,10,COMPLETE
151,151,0.7467673992673993,2023-11-16 12:42:59.256410,2023-11-16 12:45:38.811652,0 days 00:02:39.555242,7.544049564411325,0.08724399069436733,10,COMPLETE
152,152,0.7067673992673993,2023-11-16 12:45:38.816326,2023-11-16 12:48:17.537269,0 days 00:02:38.720943,10.404660280376602,0.08071307231977037,10,COMPLETE
153,153,0.6942673992673993,2023-11-16 12:48:17.543251,2023-11-16 12:50:49.249830,0 days 00:02:31.706579,8.391447785230383,0.09048743516059024,10,COMPLETE
154,154,0.7342673992673994,2023-11-16 12:50:49.256239,2023-11-16 12:53:16.109623,0 days 00:02:26.853384,6.9309675021577455,0.083100106258407,10,COMPLETE
155,155,0.6942673992673993,2023-11-16 12:53:16.115476,2023-11-16 12:55:47.921382,0 days 00:02:31.805906,8.02411027052255,0.09541463317497059,10,COMPLETE
156,156,0.7067673992673993,2023-11-16 12:55:47.926168,2023-11-16 12:58:27.088530,0 days 00:02:39.162362,9.231668637368795,0.07844909084544321,10,COMPLETE
157,157,0.7467673992673993,2023-11-16 12:58:27.093125,2023-11-16 13:00:56.595670,0 days 00:02:29.502545,6.375380733082779,0.07218211925178647,10,COMPLETE
158,158,0.7467673992673993,2023-11-16 13:00:56.600689,2023-11-16 13:03:24.084946,0 days 00:02:27.484257,5.625392629151719,0.07516858135684278,10,COMPLETE
159,159,0.6942673992673993,2023-11-16 13:03:24.091399,2023-11-16 13:05:33.367178,0 days 00:02:09.275779,4.050194818674834,0.08738084168590055,10,COMPLETE
160,160,0.6942673992673993,2023-11-16 13:05:33.375952,2023-11-16 13:07:30.569399,0 days 00:01:57.193447,7.576030133469119,0.08043910330864257,9,COMPLETE
161,161,0.7467673992673993,2023-11-16 13:07:30.577476,2023-11-16 13:10:10.449270,0 days 00:02:39.871794,6.987085460765268,0.07588633366780728,10,COMPLETE
162,162,0.7067673992673993,2023-11-16 13:10:10.455567,2023-11-16 13:12:38.251703,0 days 00:02:27.796136,7.2368019628148454,0.07833515974776667,10,COMPLETE
163,163,0.7067673992673993,2023-11-16 13:12:38.260459,2023-11-16 13:14:57.709759,0 days 00:02:19.449300,4.806279061204976,0.07562067170932349,10,COMPLETE
164,164,0.7342673992673994,2023-11-16 13:14:57.718682,2023-11-16 13:17:23.801662,0 days 00:02:26.082980,6.502693478042384,0.08273420598762421,10,COMPLETE
165,165,0.7067673992673993,2023-11-16 13:17:23.810197,2023-11-16 13:19:55.250555,0 days 00:02:31.440358,8.780966758887365,0.08496865814538607,10,COMPLETE
166,166,0.7467673992673993,2023-11-16 13:19:55.257346,2023-11-16 13:22:24.503201,0 days 00:02:29.245855,5.3277725940370635,0.07280418259454645,10,COMPLETE
167,167,0.7342673992673994,2023-11-16 13:22:24.507610,2023-11-16 13:24:53.786057,0 days 00:02:29.278447,5.986459115907412,0.08040123680883896,10,COMPLETE
168,168,0.7342673992673994,2023-11-16 13:24:53.791217,2023-11-16 13:27:16.940831,0 days 00:02:23.149614,6.891164030931609,0.08941356117428784,10,COMPLETE
169,169,0.7067673992673993,2023-11-16 13:27:16.947266,2023-11-16 13:29:53.780043,0 days 00:02:36.832777,7.858223645103845,0.07730952036361455,10,COMPLETE
170,170,0.7342673992673994,2023-11-16 13:29:53.784886,2023-11-16 13:32:22.052175,0 days 00:02:28.267289,6.196737148996088,0.09291485587486513,10,COMPLETE
171,171,0.7467673992673993,2023-11-16 13:32:22.058948,2023-11-16 13:35:06.154854,0 days 00:02:44.095906,7.239664447194333,0.07853519541340563,10,COMPLETE
172,172,0.6942673992673993,2023-11-16 13:35:06.162467,2023-11-16 13:37:41.944029,0 days 00:02:35.781562,8.192860139266886,0.07446327994838528,10,COMPLETE
173,173,0.7467673992673993,2023-11-16 13:37:41.952510,2023-11-16 13:40:15.681830,0 days 00:02:33.729320,7.257767124843245,0.07643853222971185,10,COMPLETE
174,174,0.7467673992673993,2023-11-16 13:40:15.688629,2023-11-16 13:42:42.032357,0 days 00:02:26.343728,6.647978046560495,0.08103634980326305,10,COMPLETE
175,175,0.7467673992673993,2023-11-16 13:42:42.041822,2023-11-16 13:45:04.992219,0 days 00:02:22.950397,5.412703580791045,0.07859294909179403,10,COMPLETE
176,176,0.6942673992673993,2023-11-16 13:45:05.000062,2023-11-16 13:47:30.489543,0 days 00:02:25.489481,4.561621726746126,0.07098893624065658,10,COMPLETE
177,177,0.7342673992673994,2023-11-16 13:47:30.497220,2023-11-16 13:50:00.067966,0 days 00:02:29.570746,5.8739957497492705,0.08290986661440593,10,COMPLETE
178,178,0.7067673992673993,2023-11-16 13:50:00.072870,2023-11-16 13:52:37.613221,0 days 00:02:37.540351,8.339049137399204,0.08424891511023894,10,COMPLETE
179,179,0.7342673992673994,2023-11-16 13:52:37.618465,2023-11-16 13:55:07.646889,0 days 00:02:30.028424,7.735685192677328,0.0863900475531797,10,COMPLETE
180,180,0.7342673992673994,2023-11-16 13:55:07.660512,2023-11-16 13:57:27.989018,0 days 00:02:20.328506,5.079743289800943,0.07678004479088917,10,COMPLETE
181,181,0.7467673992673993,2023-11-16 13:57:27.996700,2023-11-16 13:59:54.883144,0 days 00:02:26.886444,6.502197192122167,0.07411601480927615,10,COMPLETE
182,182,0.7467673992673993,2023-11-16 13:59:54.889216,2023-11-16 14:02:28.634890,0 days 00:02:33.745674,7.040325775841016,0.07987147208224421,10,COMPLETE
183,183,0.7342673992673994,2023-11-16 14:02:28.639975,2023-11-16 14:04:54.134995,0 days 00:02:25.495020,6.103819446783403,0.075251574616016,10,COMPLETE
184,184,0.7467673992673993,2023-11-16 14:04:54.142622,2023-11-16 14:07:19.336070,0 days 00:02:25.193448,6.4916546971210645,0.07797636113133546,10,COMPLETE
185,185,0.6942673992673993,2023-11-16 14:07:19.343057,2023-11-16 14:09:48.388205,0 days 00:02:29.045148,7.663231682954014,0.07009976987824482,10,COMPLETE
186,186,0.6942673992673993,2023-11-16 14:09:48.395926,2023-11-16 14:11:58.435225,0 days 00:02:10.039299,3.6245909158804825,0.0813994257741769,10,COMPLETE
187,187,0.7067673992673993,2023-11-16 14:11:58.442009,2023-11-16 14:13:11.788131,0 days 00:01:13.346122,5.671557334972861,0.07368407771129282,6,COMPLETE
188,188,0.7067673992673993,2023-11-16 14:13:11.795135,2023-11-16 14:15:48.147116,0 days 00:02:36.351981,8.900715842141143,0.061218658615991434,10,COMPLETE
189,189,0.7067673992673993,2023-11-16 14:15:48.155975,2023-11-16 14:18:00.473939,0 days 00:02:12.317964,4.333350164992537,0.09149445713556752,10,COMPLETE
190,190,0.7467673992673993,2023-11-16 14:18:00.480261,2023-11-16 14:20:30.473595,0 days 00:02:29.993334,7.1633255405866,0.07968445524873179,10,COMPLETE
191,191,0.7467673992673993,2023-11-16 14:20:30.481697,2023-11-16 14:22:56.215132,0 days 00:02:25.733435,6.855661745394345,0.07770800291827788,10,COMPLETE
192,192,0.7467673992673993,2023-11-16 14:22:56.223025,2023-11-16 14:25:37.133426,0 days 00:02:40.910401,6.382865581018278,0.07578005608743793,10,COMPLETE
193,193,0.7467673992673993,2023-11-16 14:25:37.140938,2023-11-16 14:28:08.702748,0 days 00:02:31.561810,7.534933608533243,0.08203494431807368,10,COMPLETE
194,194,0.7342673992673994,2023-11-16 14:28:08.709535,2023-11-16 14:30:27.561031,0 days 00:02:18.851496,5.017584551036979,0.07933734714676714,10,COMPLETE
195,195,0.7342673992673994,2023-11-16 14:30:27.567335,2023-11-16 14:32:49.141103,0 days 00:02:21.573768,5.840100812313418,0.08431424920832828,10,COMPLETE
196,196,0.7067673992673993,2023-11-16 14:32:49.148695,2023-11-16 14:35:19.147879,0 days 00:02:29.999184,8.330474587492205,0.08748761199480436,10,COMPLETE
197,197,0.7067673992673993,2023-11-16 14:35:19.155801,2023-11-16 14:37:46.503808,0 days 00:02:27.348007,6.710181494190706,0.07177039643952446,10,COMPLETE
198,198,0.7067673992673993,2023-11-16 14:37:46.509765,2023-11-16 14:40:15.475630,0 days 00:02:28.965865,7.278107343363561,0.0775671678769216,10,COMPLETE
199,199,0.7067673992673993,2023-11-16 14:40:15.481651,2023-11-16 14:42:50.894714,0 days 00:02:35.413063,9.724688651288623,0.08881847289791255,10,COMPLETE
200,200,0.7067673992673993,2023-11-16 14:42:50.901017,2023-11-16 14:45:32.508383,0 days 00:02:41.607366,11.915118320953976,0.0676804574180765,10,COMPLETE
201,201,0.7342673992673994,2023-11-16 14:45:32.515503,2023-11-16 14:47:52.674773,0 days 00:02:20.159270,5.06264426967038,0.07693440560981905,10,COMPLETE
202,202,0.7467673992673993,2023-11-16 14:47:52.679313,2023-11-16 14:50:18.577620,0 days 00:02:25.898307,5.525379182380812,0.08010357920827005,10,COMPLETE
203,203,0.6942673992673993,2023-11-16 14:50:18.584030,2023-11-16 14:52:48.431422,0 days 00:02:29.847392,4.502709963978043,0.07608633746999513,10,COMPLETE
204,204,0.7342673992673994,2023-11-16 14:52:48.436360,2023-11-16 14:55:16.876184,0 days 00:02:28.439824,6.155319730159762,0.08170656823512763,10,COMPLETE
205,205,0.7342673992673994,2023-11-16 14:55:16.883611,2023-11-16 14:57:36.552838,0 days 00:02:19.669227,5.207630972807854,0.07411274734828802,10,COMPLETE
206,206,0.7067673992673993,2023-11-16 14:57:36.562048,2023-11-16 15:00:22.193085,0 days 00:02:45.631037,15.71295573312048,0.07941604243565314,10,COMPLETE
207,207,0.6942673992673993,2023-11-16 15:00:22.198508,2023-11-16 15:02:36.315761,0 days 00:02:14.117253,3.947850771762509,0.08309856726281965,10,COMPLETE
208,208,0.7067673992673993,2023-11-16 15:02:36.323832,2023-11-16 15:05:07.376194,0 days 00:02:31.052362,7.743813280778559,0.08591945802782278,10,COMPLETE
209,209,0.7467673992673993,2023-11-16 15:05:07.382616,2023-11-16 15:07:46.320394,0 days 00:02:38.937778,6.82581152799572,0.05734492608585032,10,COMPLETE
210,210,0.7342673992673994,2023-11-16 15:07:46.326860,2023-11-16 15:10:06.574601,0 days 00:02:20.247741,6.001106150482336,0.0781436496158672,10,COMPLETE
211,211,0.7467673992673993,2023-11-16 15:10:06.582103,2023-11-16 15:12:32.315233,0 days 00:02:25.733130,5.483536564034914,0.0723136062428632,10,COMPLETE
212,212,0.7067673992673993,2023-11-16 15:12:32.322529,2023-11-16 15:15:15.552350,0 days 00:02:43.229821,13.709234159204374,0.07631010499287712,10,COMPLETE
213,213,0.7467673992673993,2023-11-16 15:15:15.558484,2023-11-16 15:17:50.828208,0 days 00:02:35.269724,6.487559341778582,0.07499902717372836,10,COMPLETE
214,214,0.7067673992673993,2023-11-16 15:17:50.834685,2023-11-16 15:20:13.660486,0 days 00:02:22.825801,4.86888574916177,0.07277441253665905,10,COMPLETE
215,215,0.7467673992673993,2023-11-16 15:20:13.667329,2023-11-16 15:22:37.768326,0 days 00:02:24.100997,5.65176081285435,0.0805999444876678,10,COMPLETE
216,216,0.7467673992673993,2023-11-16 15:22:37.776514,2023-11-16 15:25:11.486733,0 days 00:02:33.710219,7.121733456703329,0.07795350662829639,10,COMPLETE
217,217,0.7342673992673994,2023-11-16 15:25:11.495875,2023-11-16 15:27:33.213595,0 days 00:02:21.717720,6.213894734251463,0.08219862243266293,10,COMPLETE
218,218,0.7067673992673993,2023-11-16 15:27:33.220176,2023-11-16 15:30:01.997704,0 days 00:02:28.777528,7.719520749577196,0.07510330029245323,10,COMPLETE
219,219,0.6942673992673993,2023-11-16 15:30:02.004663,2023-11-16 15:32:16.965326,0 days 00:02:14.960663,4.219276900689156,0.07893281604035118,10,COMPLETE
220,220,0.7067673992673993,2023-11-16 15:32:16.971927,2023-11-16 15:34:57.242541,0 days 00:02:40.270614,10.514935365747032,0.0707949417509695,10,COMPLETE
221,221,0.7342673992673994,2023-11-16 15:34:57.254656,2023-11-16 15:37:12.313479,0 days 00:02:15.058823,4.678307123295914,0.08884355844405528,10,COMPLETE
222,222,0.7342673992673994,2023-11-16 15:37:12.318313,2023-11-16 15:39:34.895269,0 days 00:02:22.576956,5.250784549489791,0.09046556552630378,10,COMPLETE
223,223,0.7467673992673993,2023-11-16 15:39:34.902618,2023-11-16 15:41:55.564676,0 days 00:02:20.662058,6.828420053276499,0.09359762178722823,10,COMPLETE
224,224,0.6942673992673993,2023-11-16 15:41:55.570799,2023-11-16 15:44:29.848461,0 days 00:02:34.277662,5.706110836840364,0.08461029132529103,10,COMPLETE
225,225,0.7342673992673994,2023-11-16 15:44:29.853282,2023-11-16 15:46:53.275798,0 days 00:02:23.422516,5.103278890068428,0.06547488315117053,10,COMPLETE
226,226,0.7067673992673993,2023-11-16 15:46:53.285816,2023-11-16 15:49:35.686039,0 days 00:02:42.400223,17.51030346132557,0.0882783823888661,10,COMPLETE
227,227,0.7467673992673993,2023-11-16 15:49:35.694828,2023-11-16 15:52:01.477298,0 days 00:02:25.782470,6.492459521094958,0.07696814510516434,10,COMPLETE
228,228,0.6942673992673993,2023-11-16 15:52:01.483504,2023-11-16 15:54:20.530548,0 days 00:02:19.047044,2.962160803025356,0.05222465064433936,10,COMPLETE
229,229,0.6942673992673993,2023-11-16 15:54:20.539590,2023-11-16 15:56:33.268038,0 days 00:02:12.728448,3.3971494225856933,0.08038335013111186,10,COMPLETE
230,230,0.7467673992673993,2023-11-16 15:56:33.274767,2023-11-16 15:58:58.153345,0 days 00:02:24.878578,7.183217762702957,0.08639788303243984,10,COMPLETE
231,231,0.7342673992673994,2023-11-16 15:58:58.161612,2023-11-16 16:01:17.895981,0 days 00:02:19.734369,5.2519634658133,0.09085498525840369,10,COMPLETE
232,232,0.7467673992673993,2023-11-16 16:01:17.902151,2023-11-16 16:03:38.177421,0 days 00:02:20.275270,5.86502685991923,0.08997124440765854,10,COMPLETE
233,233,0.7342673992673994,2023-11-16 16:03:38.185412,2023-11-16 16:05:54.595944,0 days 00:02:16.410532,4.6915862286903955,0.09278461746848278,10,COMPLETE
234,234,0.6942673992673993,2023-11-16 16:05:54.603427,2023-11-16 16:08:22.062478,0 days 00:02:27.459051,8.146464182648712,0.09721106829424236,10,COMPLETE
235,235,0.6942673992673993,2023-11-16 16:08:22.070422,2023-11-16 16:10:39.016635,0 days 00:02:16.946213,3.9009917483935044,0.09495410339763866,10,COMPLETE
236,236,0.7342673992673994,2023-11-16 16:10:39.023906,2023-11-16 16:13:05.574850,0 days 00:02:26.550944,6.277262851096996,0.07838562506959247,10,COMPLETE
237,237,0.7467673992673993,2023-11-16 16:13:05.583971,2023-11-16 16:15:26.248949,0 days 00:02:20.664978,5.4081242261498685,0.08395294387204137,10,COMPLETE
238,238,0.7067673992673993,2023-11-16 16:15:26.258552,2023-11-16 16:17:57.635840,0 days 00:02:31.377288,7.331039457866927,0.07587200110800504,10,COMPLETE
239,239,0.7067673992673993,2023-11-16 16:17:57.642738,2023-11-16 16:20:14.814250,0 days 00:02:17.171512,4.74291285719187,0.08789980224915507,10,COMPLETE
240,240,0.6942673992673993,2023-11-16 16:20:14.823684,2023-11-16 16:22:41.781159,0 days 00:02:26.957475,6.682805159707319,0.08179338164847927,10,COMPLETE
241,241,0.7467673992673993,2023-11-16 16:22:41.789643,2023-11-16 16:25:03.725898,0 days 00:02:21.936255,5.657142637485772,0.08011060843871236,10,COMPLETE
242,242,0.7342673992673994,2023-11-16 16:25:03.737722,2023-11-16 16:27:24.612607,0 days 00:02:20.874885,6.000670145106211,0.07895452962431995,10,COMPLETE
243,243,0.7342673992673994,2023-11-16 16:27:24.619647,2023-11-16 16:30:02.082020,0 days 00:02:37.462373,5.277723795339865,0.04189545372438236,10,COMPLETE
244,244,0.7067673992673993,2023-11-16 16:30:02.091270,2023-11-16 16:32:33.360575,0 days 00:02:31.269305,7.0106278387798655,0.0741121006147871,10,COMPLETE
245,245,0.6934340659340659,2023-11-16 16:32:33.366619,2023-11-16 16:33:54.730077,0 days 00:01:21.363458,6.193147559207295,0.0768704722037903,7,COMPLETE
246,246,0.6942673992673993,2023-11-16 16:33:54.736159,2023-11-16 16:36:18.246546,0 days 00:02:23.510387,4.288451762971807,0.08113169836039533,10,COMPLETE
247,247,0.6942673992673993,2023-11-16 16:36:18.253728,2023-11-16 16:38:11.015827,0 days 00:01:52.762099,1.7143274398417176,0.08527120267094968,10,COMPLETE
248,248,0.7467673992673993,2023-11-16 16:38:11.025643,2023-11-16 16:40:29.286516,0 days 00:02:18.260873,5.004388521275441,0.07894416567812045,10,COMPLETE
249,249,0.6942673992673993,2023-11-16 16:40:29.304224,2023-11-16 16:42:59.695187,0 days 00:02:30.390963,7.646448139606709,0.08319197931921612,10,COMPLETE
250,250,0.6942673992673993,2023-11-16 16:42:59.703042,2023-11-16 16:45:32.152159,0 days 00:02:32.449117,8.464362176769818,0.07703887075234518,10,COMPLETE
251,251,0.7467673992673993,2023-11-16 16:45:32.159072,2023-11-16 16:47:49.918144,0 days 00:02:17.759072,5.648228884464056,0.08982739898007873,10,COMPLETE
252,252,0.7067673992673993,2023-11-16 16:47:49.927336,2023-11-16 16:50:33.226410,0 days 00:02:43.299074,14.51431952262072,0.07320150477505909,10,COMPLETE
253,253,0.7467673992673993,2023-11-16 16:50:33.233902,2023-11-16 16:53:07.512615,0 days 00:02:34.278713,6.4774192049436525,0.05467345999658976,10,COMPLETE
254,254,0.6942673992673993,2023-11-16 16:53:07.523478,2023-11-16 16:55:17.233180,0 days 00:02:09.709702,3.672794909885264,0.08053820262149536,10,COMPLETE
255,255,0.7467673992673993,2023-11-16 16:55:17.241006,2023-11-16 16:57:42.916705,0 days 00:02:25.675699,7.228102127777248,0.08658334410012881,10,COMPLETE
256,256,0.7067673992673993,2023-11-16 16:57:42.923640,2023-11-16 17:00:28.290361,0 days 00:02:45.366721,15.19402472063013,0.0750659697879445,10,COMPLETE
257,257,0.6967673992673993,2023-11-16 17:00:28.296946,2023-11-16 17:01:50.323816,0 days 00:01:22.026870,4.460213616277583,0.01669549826616208,5,COMPLETE
258,258,0.7067673992673993,2023-11-16 17:01:50.330726,2023-11-16 17:04:32.181586,0 days 00:02:41.850860,7.8023121283719945,0.049106690069723194,10,COMPLETE
259,259,0.7067673992673993,2023-11-16 17:04:32.188060,2023-11-16 17:07:13.388145,0 days 00:02:41.200085,16.792924214870617,0.0035876932448523705,10,COMPLETE
260,260,0.7467673992673993,2023-11-16 17:07:13.394617,2023-11-16 17:09:41.131631,0 days 00:02:27.737014,6.747935645614161,0.07817144461304572,10,COMPLETE
261,261,0.7342673992673994,2023-11-16 17:09:41.136403,2023-11-16 17:11:57.720732,0 days 00:02:16.584329,5.631069418225401,0.09160778698893525,10,COMPLETE
262,262,0.7067673992673993,2023-11-16 17:11:57.725075,2023-11-16 17:14:27.505615,0 days 00:02:29.780540,8.805587920308213,0.08194507654381121,10,COMPLETE
263,263,0.7342673992673994,2023-11-16 17:14:27.510400,2023-11-16 17:16:55.472644,0 days 00:02:27.962244,4.948495588580081,0.04606606763562536,10,COMPLETE
264,264,0.7067673992673993,2023-11-16 17:16:55.477374,2023-11-16 17:18:33.106114,0 days 00:01:37.628740,6.159214466747789,0.06868890045453008,8,COMPLETE
265,265,0.7467673992673993,2023-11-16 17:18:33.114031,2023-11-16 17:20:58.338723,0 days 00:02:25.224692,6.899561771995788,0.08392225904642703,10,COMPLETE
266,266,0.7467673992673993,2023-11-16 17:20:58.343632,2023-11-16 17:23:13.971995,0 days 00:02:15.628363,5.357351780198439,0.08845887441088424,10,COMPLETE
267,267,0.6942673992673993,2023-11-16 17:23:13.978309,2023-11-16 17:25:42.590886,0 days 00:02:28.612577,8.076714955476335,0.07617712470547175,10,COMPLETE
268,268,0.7067673992673993,2023-11-16 17:25:42.595779,2023-11-16 17:28:33.182540,0 days 00:02:50.586761,22.07364868006345,0.03310040155503244,10,COMPLETE
269,269,0.7342673992673994,2023-11-16 17:28:33.189014,2023-11-16 17:30:47.109849,0 days 00:02:13.920835,4.088127600839775,0.07985687167164778,10,COMPLETE
270,270,0.7342673992673994,2023-11-16 17:30:47.116590,2023-11-16 17:33:11.677615,0 days 00:02:24.561025,6.050449287468969,0.07195716549275342,10,COMPLETE
271,271,0.7467673992673993,2023-11-16 17:33:11.684288,2023-11-16 17:35:41.118722,0 days 00:02:29.434434,7.409887122552001,0.07744859516786769,10,COMPLETE
272,272,0.7067673992673993,2023-11-16 17:35:41.125578,2023-11-16 17:38:18.029720,0 days 00:02:36.904142,12.47683355203857,0.08559586167867177,10,COMPLETE
273,273,0.7467673992673993,2023-11-16 17:38:18.034574,2023-11-16 17:40:45.656495,0 days 00:02:27.621921,6.51007365635282,0.07497866816437099,10,COMPLETE
274,274,0.7067673992673993,2023-11-16 17:40:45.661682,2023-11-16 17:43:11.744565,0 days 00:02:26.082883,9.192749169521433,0.0999919913751087,10,COMPLETE
275,275,0.7467673992673993,2023-11-16 17:43:11.750735,2023-11-16 17:45:28.026403,0 days 00:02:16.275668,4.983196205987657,0.08199923506225625,10,COMPLETE
276,276,0.7467673992673993,2023-11-16 17:45:28.031193,2023-11-16 17:47:49.122802,0 days 00:02:21.091609,5.690501074238632,0.0793702490030549,10,COMPLETE
277,277,0.6942673992673993,2023-11-16 17:47:49.129020,2023-11-16 17:49:55.541014,0 days 00:02:06.411994,2.7858391739959014,0.0874730727303409,10,COMPLETE
278,278,0.7467673992673993,2023-11-16 17:49:55.545877,2023-11-16 17:52:24.003370,0 days 00:02:28.457493,7.384373708853028,0.08317221646856884,10,COMPLETE
279,279,0.6942673992673993,2023-11-16 17:52:24.008530,2023-11-16 17:54:46.779070,0 days 00:02:22.770540,4.587889061535118,0.07751228606288915,10,COMPLETE
280,280,0.7342673992673994,2023-11-16 17:54:46.785790,2023-11-16 17:57:10.877837,0 days 00:02:24.092047,6.609769711018177,0.07348608070186527,10,COMPLETE
281,281,0.6942673992673993,2023-11-16 17:57:10.884139,2023-11-16 17:59:35.515057,0 days 00:02:24.630918,7.9713985477585405,0.09211857878859826,10,COMPLETE
282,282,0.7467673992673993,2023-11-16 17:59:35.521696,2023-11-16 18:01:55.920658,0 days 00:02:20.398962,5.756211632420883,0.08003650820948709,10,COMPLETE
283,283,0.7067673992673993,2023-11-16 18:01:55.925702,2023-11-16 18:04:29.056992,0 days 00:02:33.131290,11.40107191843674,0.09410657420391758,10,COMPLETE
